<?xml version="1.0" encoding="UTF-8"?>
<robot generator="Robot 3.0.3 (Python 3.6.5 on linux)" generated="20180429 13:39:36.399">
<suite id="s1" name="Acceptance" source="/home/travis/build/deathbeds/jyve/tests/acceptance">
<suite id="s1-s1" name="Lab" source="/home/travis/build/deathbeds/jyve/tests/acceptance/lab.robot">
<test id="s1-s1-t1" name="The Jyve Kyrnels Have Entered The Lab">
<kw name="Start Process" library="Process">
<doc>Starts a new process on background.</doc>
<arguments>
<arg>${LAB_CMD}</arg>
<arg>shell=true</arg>
</arguments>
<msg timestamp="20180429 13:39:36.687" level="INFO">Starting process:
jupyter-lab --no-browser --NotebookApp.token=hopelesslyinsecure --port 18888</msg>
<status status="PASS" starttime="20180429 13:39:36.687" endtime="20180429 13:39:36.692"></status>
</kw>
<kw name="Open Browser" library="SeleniumLibrary">
<doc>Opens a new browser instance to the given ``url``.</doc>
<arguments>
<arg>${LAB_URL}</arg>
<arg>${BROWSER}</arg>
</arguments>
<msg timestamp="20180429 13:39:36.694" level="INFO">Opening browser 'headlessfirefox' to base url 'http://127.0.0.1:18888/lab?token=hopelesslyinsecure'.</msg>
<status status="PASS" starttime="20180429 13:39:36.693" endtime="20180429 13:39:41.821"></status>
</kw>
<kw name="Verify Kyrnels">
<kw name="Wait for Splash Screen">
<kw name="Wait Until Page Contains Element" library="SeleniumLibrary">
<doc>Waits until element ``locator`` appears on current page.</doc>
<arguments>
<arg>jupyterlab-splash</arg>
</arguments>
<status status="PASS" starttime="20180429 13:39:41.824" endtime="20180429 13:39:42.274"></status>
</kw>
<kw name="Wait Until Page Does Not Contain Element" library="SeleniumLibrary">
<doc>Waits until element ``locator`` disappears from current page.</doc>
<arguments>
<arg>jupyterlab-splash</arg>
</arguments>
<status status="PASS" starttime="20180429 13:39:42.274" endtime="20180429 13:39:43.397"></status>
</kw>
<status status="PASS" starttime="20180429 13:39:41.823" endtime="20180429 13:39:43.397"></status>
</kw>
<kw name="Page Should Contain" library="SeleniumLibrary">
<doc>Verifies that current page contains ``text``.</doc>
<arguments>
<arg>Brython (unsafe)</arg>
</arguments>
<msg timestamp="20180429 13:39:43.428" level="INFO">Current page contains text 'Brython (unsafe)'.</msg>
<status status="PASS" starttime="20180429 13:39:43.398" endtime="20180429 13:39:43.429"></status>
</kw>
<kw name="Page Should Contain" library="SeleniumLibrary">
<doc>Verifies that current page contains ``text``.</doc>
<arguments>
<arg>CoffeeScript (unsafe)</arg>
</arguments>
<msg timestamp="20180429 13:39:43.455" level="INFO">Current page contains text 'CoffeeScript (unsafe)'.</msg>
<status status="PASS" starttime="20180429 13:39:43.429" endtime="20180429 13:39:43.455"></status>
</kw>
<kw name="Page Should Contain" library="SeleniumLibrary">
<doc>Verifies that current page contains ``text``.</doc>
<arguments>
<arg>JS (unsafe)</arg>
</arguments>
<msg timestamp="20180429 13:39:43.479" level="INFO">Current page contains text 'JS (unsafe)'.</msg>
<status status="PASS" starttime="20180429 13:39:43.456" endtime="20180429 13:39:43.479"></status>
</kw>
<kw name="Page Should Contain" library="SeleniumLibrary">
<doc>Verifies that current page contains ``text``.</doc>
<arguments>
<arg>P5 (unsafe)</arg>
</arguments>
<msg timestamp="20180429 13:39:43.504" level="INFO">Current page contains text 'P5 (unsafe)'.</msg>
<status status="PASS" starttime="20180429 13:39:43.480" endtime="20180429 13:39:43.504"></status>
</kw>
<kw name="Page Should Contain" library="SeleniumLibrary">
<doc>Verifies that current page contains ``text``.</doc>
<arguments>
<arg>TypeScript (unsafe)</arg>
</arguments>
<msg timestamp="20180429 13:39:43.534" level="INFO">Current page contains text 'TypeScript (unsafe)'.</msg>
<status status="PASS" starttime="20180429 13:39:43.505" endtime="20180429 13:39:43.535"></status>
</kw>
<status status="PASS" starttime="20180429 13:39:41.822" endtime="20180429 13:39:43.535"></status>
</kw>
<kw name="Capture Page Screenshot" library="SeleniumLibrary">
<doc>Takes screenshot of the current page and embeds it into log file.</doc>
<arguments>
<arg>00_kyrnels.png</arg>
</arguments>
<msg timestamp="20180429 13:39:43.665" level="INFO" html="yes">&lt;/td&gt;&lt;/tr&gt;&lt;tr&gt;&lt;td colspan="3"&gt;&lt;a href="00_kyrnels.png"&gt;&lt;img src="00_kyrnels.png" width="800px"&gt;&lt;/a&gt;</msg>
<status status="PASS" starttime="20180429 13:39:43.535" endtime="20180429 13:39:43.665"></status>
</kw>
<kw name="Kill'em all" type="teardown">
<kw name="Close All Browsers" library="SeleniumLibrary">
<doc>Closes all open browsers and resets the browser cache.</doc>
<status status="PASS" starttime="20180429 13:39:43.666" endtime="20180429 13:39:44.505"></status>
</kw>
<kw name="Terminate All Processes" library="Process">
<doc>Terminates all still running processes started by this library.</doc>
<arguments>
<arg>kill=True</arg>
</arguments>
<msg timestamp="20180429 13:39:44.506" level="INFO">Forcefully killing process.</msg>
<msg timestamp="20180429 13:39:44.607" level="INFO">Process completed.</msg>
<status status="PASS" starttime="20180429 13:39:44.506" endtime="20180429 13:39:44.608"></status>
</kw>
<status status="PASS" starttime="20180429 13:39:43.665" endtime="20180429 13:39:44.608"></status>
</kw>
<status status="PASS" starttime="20180429 13:39:36.685" endtime="20180429 13:39:44.608" critical="yes"></status>
</test>
<test id="s1-s1-t2" name="Jyve don't need no WebSocket">
<kw name="Rebuild the Jyve Demo">
<kw name="Remove Directory" library="OperatingSystem">
<doc>Removes the directory pointed to by the given ``path``.</doc>
<arguments>
<arg>demo</arg>
<arg>recursive=true</arg>
</arguments>
<msg timestamp="20180429 13:39:44.613" level="INFO" html="yes">Directory '&lt;a href="file:///home/travis/build/deathbeds/jyve/demo"&gt;/home/travis/build/deathbeds/jyve/demo&lt;/a&gt;' does not exist.</msg>
<status status="PASS" starttime="20180429 13:39:44.612" endtime="20180429 13:39:44.613"></status>
</kw>
<kw name="Run Process" library="Process">
<doc>Runs a process and waits for it to complete.</doc>
<arguments>
<arg>${DEMO_CMD}</arg>
</arguments>
<msg timestamp="20180429 13:39:44.614" level="INFO">Starting process:
./scripts/demo.sh</msg>
<msg timestamp="20180429 13:39:44.618" level="INFO">Waiting for process to complete.</msg>
<msg timestamp="20180429 13:39:48.319" level="INFO">Process completed.</msg>
<status status="PASS" starttime="20180429 13:39:44.613" endtime="20180429 13:39:48.319"></status>
</kw>
<kw name="Directory Should Exist" library="OperatingSystem">
<doc>Fails unless the given path points to an existing directory.</doc>
<arguments>
<arg>demo</arg>
</arguments>
<msg timestamp="20180429 13:39:48.321" level="INFO" html="yes">Directory '&lt;a href="file:///home/travis/build/deathbeds/jyve/demo"&gt;/home/travis/build/deathbeds/jyve/demo&lt;/a&gt;' exists.</msg>
<status status="PASS" starttime="20180429 13:39:48.320" endtime="20180429 13:39:48.321"></status>
</kw>
<kw name="Directory Should Not Be Empty" library="OperatingSystem">
<doc>Fails if the specified directory is empty.</doc>
<arguments>
<arg>demo</arg>
<arg>timeout=20</arg>
</arguments>
<msg timestamp="20180429 13:39:48.321" level="INFO" html="yes">Listing contents of directory '&lt;a href="file:///home/travis/build/deathbeds/jyve/demo"&gt;/home/travis/build/deathbeds/jyve/demo&lt;/a&gt;'.</msg>
<msg timestamp="20180429 13:39:48.322" level="INFO" html="yes">Directory '&lt;a href="file:///home/travis/build/deathbeds/jyve/demo"&gt;/home/travis/build/deathbeds/jyve/demo&lt;/a&gt;' contains 5 items.</msg>
<status status="PASS" starttime="20180429 13:39:48.321" endtime="20180429 13:39:48.322"></status>
</kw>
<status status="PASS" starttime="20180429 13:39:44.611" endtime="20180429 13:39:48.322"></status>
</kw>
<kw name="Start Process" library="Process">
<doc>Starts a new process on background.</doc>
<arguments>
<arg>${HTTP_CMD}</arg>
<arg>shell=true</arg>
<arg>cwd=demo</arg>
</arguments>
<msg timestamp="20180429 13:39:48.323" level="INFO">Starting process:
python -m http.server --bind 127.0.0.1 19980</msg>
<status status="PASS" starttime="20180429 13:39:48.322" endtime="20180429 13:39:48.326"></status>
</kw>
<kw name="Open Browser" library="SeleniumLibrary">
<doc>Opens a new browser instance to the given ``url``.</doc>
<arguments>
<arg>${OFFLINE_URL}</arg>
<arg>${BROWSER}</arg>
</arguments>
<msg timestamp="20180429 13:39:48.327" level="INFO">Opening browser 'headlessfirefox' to base url 'http://127.0.0.1:19980/'.</msg>
<status status="PASS" starttime="20180429 13:39:48.327" endtime="20180429 13:39:51.565"></status>
</kw>
<kw name="Verify Kyrnels">
<kw name="Wait for Splash Screen">
<kw name="Wait Until Page Contains Element" library="SeleniumLibrary">
<doc>Waits until element ``locator`` appears on current page.</doc>
<arguments>
<arg>jupyterlab-splash</arg>
</arguments>
<status status="PASS" starttime="20180429 13:39:51.568" endtime="20180429 13:39:53.084"></status>
</kw>
<kw name="Wait Until Page Does Not Contain Element" library="SeleniumLibrary">
<doc>Waits until element ``locator`` disappears from current page.</doc>
<arguments>
<arg>jupyterlab-splash</arg>
</arguments>
<status status="PASS" starttime="20180429 13:39:53.085" endtime="20180429 13:39:54.088"></status>
</kw>
<status status="PASS" starttime="20180429 13:39:51.567" endtime="20180429 13:39:54.088"></status>
</kw>
<kw name="Page Should Contain" library="SeleniumLibrary">
<doc>Verifies that current page contains ``text``.</doc>
<arguments>
<arg>Brython (unsafe)</arg>
</arguments>
<msg timestamp="20180429 13:39:54.116" level="INFO">Current page contains text 'Brython (unsafe)'.</msg>
<status status="PASS" starttime="20180429 13:39:54.089" endtime="20180429 13:39:54.116"></status>
</kw>
<kw name="Page Should Contain" library="SeleniumLibrary">
<doc>Verifies that current page contains ``text``.</doc>
<arguments>
<arg>CoffeeScript (unsafe)</arg>
</arguments>
<msg timestamp="20180429 13:39:54.140" level="INFO">Current page contains text 'CoffeeScript (unsafe)'.</msg>
<status status="PASS" starttime="20180429 13:39:54.117" endtime="20180429 13:39:54.140"></status>
</kw>
<kw name="Page Should Contain" library="SeleniumLibrary">
<doc>Verifies that current page contains ``text``.</doc>
<arguments>
<arg>JS (unsafe)</arg>
</arguments>
<msg timestamp="20180429 13:39:54.158" level="INFO">Current page contains text 'JS (unsafe)'.</msg>
<status status="PASS" starttime="20180429 13:39:54.141" endtime="20180429 13:39:54.158"></status>
</kw>
<kw name="Page Should Contain" library="SeleniumLibrary">
<doc>Verifies that current page contains ``text``.</doc>
<arguments>
<arg>P5 (unsafe)</arg>
</arguments>
<msg timestamp="20180429 13:39:54.178" level="INFO">Current page contains text 'P5 (unsafe)'.</msg>
<status status="PASS" starttime="20180429 13:39:54.158" endtime="20180429 13:39:54.178"></status>
</kw>
<kw name="Page Should Contain" library="SeleniumLibrary">
<doc>Verifies that current page contains ``text``.</doc>
<arguments>
<arg>TypeScript (unsafe)</arg>
</arguments>
<msg timestamp="20180429 13:39:54.203" level="INFO">Current page contains text 'TypeScript (unsafe)'.</msg>
<status status="PASS" starttime="20180429 13:39:54.178" endtime="20180429 13:39:54.204"></status>
</kw>
<status status="PASS" starttime="20180429 13:39:51.566" endtime="20180429 13:39:54.204"></status>
</kw>
<kw name="Capture Page Screenshot" library="SeleniumLibrary">
<doc>Takes screenshot of the current page and embeds it into log file.</doc>
<arguments>
<arg>01_kyrnels_offline.png</arg>
</arguments>
<msg timestamp="20180429 13:39:54.322" level="INFO" html="yes">&lt;/td&gt;&lt;/tr&gt;&lt;tr&gt;&lt;td colspan="3"&gt;&lt;a href="01_kyrnels_offline.png"&gt;&lt;img src="01_kyrnels_offline.png" width="800px"&gt;&lt;/a&gt;</msg>
<status status="PASS" starttime="20180429 13:39:54.204" endtime="20180429 13:39:54.322"></status>
</kw>
<kw name="Kill'em all" type="teardown">
<kw name="Close All Browsers" library="SeleniumLibrary">
<doc>Closes all open browsers and resets the browser cache.</doc>
<status status="PASS" starttime="20180429 13:39:54.323" endtime="20180429 13:39:54.918"></status>
</kw>
<kw name="Terminate All Processes" library="Process">
<doc>Terminates all still running processes started by this library.</doc>
<arguments>
<arg>kill=True</arg>
</arguments>
<msg timestamp="20180429 13:39:54.919" level="INFO">Forcefully killing process.</msg>
<msg timestamp="20180429 13:39:55.020" level="INFO">Process completed.</msg>
<status status="PASS" starttime="20180429 13:39:54.919" endtime="20180429 13:39:55.021"></status>
</kw>
<status status="PASS" starttime="20180429 13:39:54.322" endtime="20180429 13:39:55.021"></status>
</kw>
<status status="PASS" starttime="20180429 13:39:44.610" endtime="20180429 13:39:55.021" critical="yes"></status>
</test>
<kw name="Kill'em all" type="teardown">
<kw name="Close All Browsers" library="SeleniumLibrary">
<doc>Closes all open browsers and resets the browser cache.</doc>
<status status="PASS" starttime="20180429 13:39:55.024" endtime="20180429 13:39:55.025"></status>
</kw>
<kw name="Terminate All Processes" library="Process">
<doc>Terminates all still running processes started by this library.</doc>
<arguments>
<arg>kill=True</arg>
</arguments>
<status status="PASS" starttime="20180429 13:39:55.025" endtime="20180429 13:39:55.025"></status>
</kw>
<status status="PASS" starttime="20180429 13:39:55.023" endtime="20180429 13:39:55.026"></status>
</kw>
<status status="PASS" starttime="20180429 13:39:36.453" endtime="20180429 13:39:55.026"></status>
</suite>
<status status="PASS" starttime="20180429 13:39:36.401" endtime="20180429 13:39:55.032"></status>
</suite>
<statistics>
<total>
<stat pass="2" fail="0">Critical Tests</stat>
<stat pass="2" fail="0">All Tests</stat>
</total>
<tag>
</tag>
<suite>
<stat pass="2" fail="0" id="s1" name="Acceptance">Acceptance</stat>
<stat pass="2" fail="0" id="s1-s1" name="Lab">Acceptance.Lab</stat>
</suite>
</statistics>
<errors>
</errors>
</robot>
